<?xml version="1.0" encoding="UTF-8"?>
<testng-results ignored="0" total="1" passed="1" failed="0" skipped="0">
  <reporter-output>
  </reporter-output>
  <suite started-at="2023-07-03T22:17:24 IST" name="Default suite" finished-at="2023-07-03T22:17:41 IST" duration-ms="16998">
    <groups>
    </groups>
    <test started-at="2023-07-03T22:17:24 IST" name="Default test" finished-at="2023-07-03T22:17:41 IST" duration-ms="16998">
      <class name="Demo1.AssertionsDemo">
        <test-method signature="Invalidlogin()[pri:0, instance:Demo1.AssertionsDemo@459e9125]" started-at="2023-07-03T22:17:24 IST" name="Invalidlogin" finished-at="2023-07-03T22:17:41 IST" duration-ms="16935" status="PASS">
          <reporter-output>
          </reporter-output>
        </test-method> <!-- Invalidlogin -->
      </class> <!-- Demo1.AssertionsDemo -->
    </test> <!-- Default test -->
  </suite> <!-- Default suite -->
</testng-results>
