<?xml version="1.0" encoding="UTF-8"?>
<!-- Generated by org.testng.reporters.JUnitXMLReporter -->
<testsuite ignored="0" hostname="DESKTOP-JJUUQ1A" failures="0" tests="4" name="Test" time="0.1" errors="0" timestamp="2023-06-26T18:51:47 IST">
  <testcase classname="Demo2.test2" name="method1" time="0.006"/>
  <testcase classname="Demo2.test2" name="method2" time="0.008"/>
  <testcase classname="Demo1.test1" name="method1" time="0.002"/>
  <testcase classname="Demo1.test1" name="method2" time="0.002"/>
</testsuite> <!-- Test -->
